<?xml version="1.0" encoding="UTF-8"?>
<!-- Generated by org.testng.reporters.JUnitReportReporter -->
<testsuite hostname="LAPTOP-2OESOLRI" name="com.dcrs.testscripts.LoginTC01" tests="1" failures="0" timestamp="17 Jun 2021 04:06:09 GMT" time="22.622" errors="0">
  <testcase name="ValidloginScreenTest" time="22.622" classname="com.dcrs.testscripts.LoginTC01"/>
</testsuite> <!-- com.dcrs.testscripts.LoginTC01 -->
