<?xml version="1.0" encoding="UTF-8"?>
<!-- Generated by org.testng.reporters.JUnitReportReporter -->
<testsuite hostname="LAPTOP-2OESOLRI" name="com.dcrs.testscripts.LoginTC01_ValidUser" tests="1" failures="0" timestamp="24 Jun 2021 12:11:36 GMT" time="42.571" errors="0">
  <testcase name="ValidloginScreenTest" time="42.571" classname="com.dcrs.testscripts.LoginTC01_ValidUser"/>
</testsuite> <!-- com.dcrs.testscripts.LoginTC01_ValidUser -->
